https://www.vlr.gg/366439/keepbest-gaming-vs-gui-su-valorant-china-national-competition-season-2-wanyoo-qualifier-gf
https://www.vlr.gg/300032/rose-vs-arkangel-esports-challengers-league-2024-north-america-qualifiers-ro128
https://www.vlr.gg/282502/never-woulda-thought-vs-teddy-tactics-sakura-cup-october-qf
https://www.vlr.gg/94216/nights-academy-vs-fart-clan-champions-tour-north-america-stage-2-challengers-ro128
https://www.vlr.gg/64566/giants-gaming-vs-ents-champions-tour-europe-stage-1-challengers-2-ro256
https://www.vlr.gg/63026/aspire-vs-tsm-academy-nerd-street-gamers-winter-championship-open-13-r1
https://www.vlr.gg/60397/bing-bong-vs-the-guard-frag-valorant-major-fullerton-r3
https://www.vlr.gg/60337/bing-bong-vs-ratturtlesquid-frag-valorant-major-fullerton-r1
https://www.vlr.gg/57279/evil-geniuses-vs-rit-orange-vcs-midwest-showdown-qf
https://www.vlr.gg/57281/samelol-vs-third-impact-vcs-midwest-showdown-qf
https://www.vlr.gg/51764/aspire-vs-betrayeds-fantasy-team-rival-1-r3
https://www.vlr.gg/50401/giants-g4e-vs-the-panic-team-champions-tour-game-changers-series-iii-emea-r1
https://www.vlr.gg/50407/anyway-vs-claquettes-cahussettes-champions-tour-game-changers-series-iii-emea-r1
https://www.vlr.gg/43156/team-galaga-vs-wygers-circuito-tormenta-liga-radiante-s1-regular-season
https://www.vlr.gg/43150/underdogs-gaming-vs-wygers-circuito-tormenta-liga-radiante-s1-regular-season
https://www.vlr.gg/21936/team-fangs-vs-beyond-infinity-aorus-x-amd-pro-series-valorant-ubqf
https://www.vlr.gg/16479/team-bds-vs-ninjas-in-pyjamas-champions-tour-europe-stage-2-challengers-2-qf
https://www.vlr.gg/14537/sentinels-vs-the-noah-aiello-champions-tour-north-america-stage-2-challengers-1-ro128
https://www.vlr.gg/14569/faze-clan-vs-south-east-movement-champions-tour-north-america-stage-2-challengers-1-ro128
https://www.vlr.gg/10181/cloud9-blue-vs-stay-small-stay-second-champions-tour-north-america-stage-1-challengers-2-ro128
https://www.vlr.gg/10267/vorax-fusion-vs-dunking-crazy-champions-tour-brazil-stage-1-challengers-2-open-qual-ro16
https://www.vlr.gg/9082/chesterno-vs-furia-valorant-challengers-stage-1-brazil-open-qual-round-of-32
https://www.vlr.gg/8719/toomanyquestions-vs-lagos-versus-legends-groups-group-f
https://www.vlr.gg/2230/team-cotch-vs-cometa-team-guardianes-gg-series-4-qf
https://www.vlr.gg/2232/svcheats1-vs-angry-titans-guardianes-gg-series-4-qf
https://www.vlr.gg/2820/velocity-gaming-vs-godsquad-aorus-south-asia-cup-grand-final
https://www.vlr.gg/1506/rix-gg-vs-exodia5-mandatory-gg-cup-ro128
https://www.vlr.gg/1136/opportunists-vs-nolpenki-weplay-valorant-invitational-qualifier-2-gf
https://www.vlr.gg/659/team-mixwell-vs-team-ange1-g2-esports-invitational-playoffs-sf
https://www.vlr.gg/656/team-ex6tenz-vs-team-ange1-g2-esports-invitational-group-stage-group-b
https://www.vlr.gg/204/goagoagoa-vs-superstars-absolute-masters-gs-f
https://www.vlr.gg/653/team-taimou-vs-team-ex6tenz-g2-esports-invitational-group-stage-group-b
https://www.vlr.gg/654/team-izak-vs-team-ange1-g2-esports-invitational-group-stage-group-b
https://www.vlr.gg/652/team-izak-vs-team-ex6tenz-g2-esports-invitational-group-stage-group-b
https://www.vlr.gg/601/gamelanders-blue-vs-vknata-copa-rakin-1-gf
https://www.vlr.gg/489/team-zonixx-vs-valorando-fragster-valorant-invitational-rr
https://www.vlr.gg/488/myteq-vs-team-zonixx-fragster-valorant-invitational-rr
https://www.vlr.gg/487/valorando-vs-myteq-fragster-valorant-invitational-rr
https://www.vlr.gg/594/gamelanders-blue-vs-vknata-copa-rakin-1-ubf
https://www.vlr.gg/523/intensity-vs-china-nguyen-pittsburgh-knights-invitational-lr1
https://www.vlr.gg/478/gen-g-vs-intensity-pittsburgh-knights-invitational-qf
https://www.vlr.gg/498/team-solomid-vs-intensity-pittsburgh-knights-invitational-groups-a
https://www.vlr.gg/499/mixup-vs-sinfvl-pittsburgh-knights-invitational-groups-a
https://www.vlr.gg/505/invaders-vs-charlotte-phoenix-pittsburgh-knights-invitational-groups-b
https://www.vlr.gg/511/way-2-french-vs-quick-shots-pittsburgh-knights-invitational-groups-c
https://www.vlr.gg/517/rolled-vs-orgless-redux-pittsburgh-knights-invitational-groups-d
https://www.vlr.gg/497/sinfvl-vs-intensity-pittsburgh-knights-invitational-groups-a
https://www.vlr.gg/502/gen-g-vs-invaders-pittsburgh-knights-invitational-groups-b
https://www.vlr.gg/509/quick-shots-vs-big-frames-pittsburgh-knights-invitational-groups-c
https://www.vlr.gg/514/prospectsgg-vs-rolled-pittsburgh-knights-invitational-groups-d
https://www.vlr.gg/515/orgless-redux-vs-china-nguyen-pittsburgh-knights-invitational-groups-d
https://www.vlr.gg/493/team-solomid-vs-sinfvl-pittsburgh-knights-invitational-groups-a
https://www.vlr.gg/495/intensity-vs-mixup-pittsburgh-knights-invitational-groups-a
https://www.vlr.gg/501/rugratz-vs-invaders-pittsburgh-knights-invitational-groups-b
https://www.vlr.gg/506/together-we-are-terrific-vs-quick-shots-pittsburgh-knights-invitational-groups-c
https://www.vlr.gg/512/prospectsgg-vs-orgless-redux-pittsburgh-knights-invitational-groups-d
https://www.vlr.gg/513/china-nguyen-vs-rolled-pittsburgh-knights-invitational-groups-d
https://www.vlr.gg/596/tropa-do-engui-a-vs-coquinha-2l-copa-rakin-1-lr1
https://www.vlr.gg/447/tsm-vs-tbd-clg-blitz-cup-2-tournament-r16
https://www.vlr.gg/449/imt-vs-tbd-clg-blitz-cup-2-tournament-r16
https://www.vlr.gg/450/gen-g-vs-tbd-clg-blitz-cup-2-tournament-r16
https://www.vlr.gg/444/vs-vs-tbd-wesl-x-toonation-qf
https://www.vlr.gg/443/egel-vs-tbd-wesl-x-toonation-qf
https://www.vlr.gg/348/team-solomid-vs-team-dizzy-twitch-rivals-valorant-launch-showdown-na-a
https://www.vlr.gg/442/mad-vs-tbd-wesl-x-toonation-qf
https://www.vlr.gg/438/lavega-vs-tbd-wesl-x-toonation-qf
https://www.vlr.gg/272/team-leviathan-vs-trn-twitch-rivals-valorant-launch-showdown-eu-1-a
https://www.vlr.gg/266/team-terenas-vs-hyphyphyp-twitch-rivals-valorant-launch-showdown-eu-1-a
https://www.vlr.gg/169/goa-vs-uruguay-3-absolute-masters-gs-f
https://www.vlr.gg/542/godspeed-vs-full-focus-clg-blitz-cup-1-tournament-ro16
https://www.vlr.gg/544/trees-money-crew-vs-i-miss-her-clg-blitz-cup-1-tournament-ro16
https://www.vlr.gg/49/royals-vs-tbd-fnatic-proving-grounds-valorant-open-tournament-r16
https://www.vlr.gg/51/blackbelts-vs-tbd-fnatic-proving-grounds-valorant-open-tournament-r16
https://www.vlr.gg/19/highground-vs-lmh-valhalla-invitational-w1-playoffs
https://www.vlr.gg/11/orgless-vs-lmh-valhalla-invitational-w1-groups
https://www.vlr.gg/8/smoke-vs-orgless-valhalla-invitational-w1-groups
https://www.vlr.gg/9/oa-vs-lmh-valhalla-invitational-w1-groups
https://www.vlr.gg/6/oa-vs-orgless-valhalla-invitational-w1-groups
https://www.vlr.gg/7/smoke-vs-lmh-valhalla-invitational-w1-groups
https://www.vlr.gg/197/inst-vs-tbd-grizicup-playoffs-sf
https://www.vlr.gg/198/fish123-vs-tbd-grizicup-playoffs-sf
https://www.vlr.gg/196/inst-vs-tbd-grizicup-playoffs-qf
